2024-08-02 15:23:25,222 [Worker-2: Loading available Gradle versions] INFO  o.e.b.c.i.u.g.PublishedGradleVersions - Gradle version information cache is out-of-date. Trying to update.
2024-08-02 15:25:19,381 [ModalContext] INFO  o.e.m.c.i.e.AbstractTransferListenerAdapter - Downloading https://repo.maven.apache.org/maven2/org/apache/maven/archetypes/maven-archetype-j2ee-simple/1.0/maven-archetype-j2ee-simple-1.0.pom
2024-08-02 15:25:19,406 [ModalContext] INFO  o.e.m.c.i.e.AbstractTransferListenerAdapter - Downloaded https://repo.maven.apache.org/maven2/org/apache/maven/archetypes/maven-archetype-j2ee-simple/1.0/maven-archetype-j2ee-simple-1.0.pom
2024-08-02 15:25:19,597 [ModalContext] INFO  o.e.m.c.i.e.AbstractTransferListenerAdapter - Downloading https://repo.maven.apache.org/maven2/org/apache/maven/archetypes/maven-archetype-bundles/2/maven-archetype-bundles-2.pom
2024-08-02 15:25:19,606 [ModalContext] INFO  o.e.m.c.i.e.AbstractTransferListenerAdapter - Downloaded https://repo.maven.apache.org/maven2/org/apache/maven/archetypes/maven-archetype-bundles/2/maven-archetype-bundles-2.pom
2024-08-02 15:25:19,781 [ModalContext] INFO  o.e.m.c.i.e.AbstractTransferListenerAdapter - Downloading https://repo.maven.apache.org/maven2/org/apache/maven/archetype/maven-archetype-parent/1/maven-archetype-parent-1.pom
2024-08-02 15:25:19,789 [ModalContext] INFO  o.e.m.c.i.e.AbstractTransferListenerAdapter - Downloaded https://repo.maven.apache.org/maven2/org/apache/maven/archetype/maven-archetype-parent/1/maven-archetype-parent-1.pom
2024-08-02 15:25:19,960 [ModalContext] INFO  o.e.m.c.i.e.AbstractTransferListenerAdapter - Downloading https://repo.maven.apache.org/maven2/org/apache/maven/maven-parent/4/maven-parent-4.pom
2024-08-02 15:25:19,987 [ModalContext] INFO  o.e.m.c.i.e.AbstractTransferListenerAdapter - Downloaded https://repo.maven.apache.org/maven2/org/apache/maven/maven-parent/4/maven-parent-4.pom
2024-08-02 15:25:20,192 [ModalContext] INFO  o.e.m.c.i.e.AbstractTransferListenerAdapter - Downloading https://repo.maven.apache.org/maven2/org/apache/maven/archetypes/maven-archetype-j2ee-simple/1.0/maven-archetype-j2ee-simple-1.0.jar
2024-08-02 15:25:20,215 [ModalContext] INFO  o.e.m.c.i.e.AbstractTransferListenerAdapter - Downloaded https://repo.maven.apache.org/maven2/org/apache/maven/archetypes/maven-archetype-j2ee-simple/1.0/maven-archetype-j2ee-simple-1.0.jar
2024-08-02 15:25:47,104 [Worker-15: Launching mavenrun-fef256fa-3e9c-42ad-9575-bf429dfbed47] INFO  o.eclipse.m2e.core.internal.Bundles - getClasspathEntries(Bundle=org.eclipse.m2e.maven.runtime_3.9.600.20231203-1234 [635])
2024-08-02 15:25:47,106 [Worker-15: Launching mavenrun-fef256fa-3e9c-42ad-9575-bf429dfbed47] INFO  o.eclipse.m2e.core.internal.Bundles - 	Entry: C:\Users\spj24\.p2\pool\plugins\org.eclipse.m2e.maven.runtime_3.9.600.20231203-1234
2024-08-02 15:25:47,107 [Worker-15: Launching mavenrun-fef256fa-3e9c-42ad-9575-bf429dfbed47] INFO  o.eclipse.m2e.core.internal.Bundles - 	Entry: C:\Users\spj24\.p2\pool\plugins\org.eclipse.m2e.maven.runtime_3.9.600.20231203-1234\jars\aopalliance-1.0.jar
2024-08-02 15:25:47,107 [Worker-15: Launching mavenrun-fef256fa-3e9c-42ad-9575-bf429dfbed47] INFO  o.eclipse.m2e.core.internal.Bundles - 	Entry: C:\Users\spj24\.p2\pool\plugins\org.eclipse.m2e.maven.runtime_3.9.600.20231203-1234\jars\guice-5.1.0.jar
2024-08-02 15:25:47,107 [Worker-15: Launching mavenrun-fef256fa-3e9c-42ad-9575-bf429dfbed47] INFO  o.eclipse.m2e.core.internal.Bundles - 	Entry: C:\Users\spj24\.p2\pool\plugins\org.eclipse.m2e.maven.runtime_3.9.600.20231203-1234\jars\httpclient-4.5.14.jar
2024-08-02 15:25:47,107 [Worker-15: Launching mavenrun-fef256fa-3e9c-42ad-9575-bf429dfbed47] INFO  o.eclipse.m2e.core.internal.Bundles - 	Entry: C:\Users\spj24\.p2\pool\plugins\org.eclipse.m2e.maven.runtime_3.9.600.20231203-1234\jars\httpcore-4.4.16.jar
2024-08-02 15:25:47,108 [Worker-15: Launching mavenrun-fef256fa-3e9c-42ad-9575-bf429dfbed47] INFO  o.eclipse.m2e.core.internal.Bundles - 	Entry: C:\Users\spj24\.p2\pool\plugins\org.eclipse.m2e.maven.runtime_3.9.600.20231203-1234\jars\jansi-2.4.0.jar
2024-08-02 15:25:47,108 [Worker-15: Launching mavenrun-fef256fa-3e9c-42ad-9575-bf429dfbed47] INFO  o.eclipse.m2e.core.internal.Bundles - 	Entry: C:\Users\spj24\.p2\pool\plugins\org.eclipse.m2e.maven.runtime_3.9.600.20231203-1234\jars\jcl-over-slf4j-1.7.36.jar
2024-08-02 15:25:47,108 [Worker-15: Launching mavenrun-fef256fa-3e9c-42ad-9575-bf429dfbed47] INFO  o.eclipse.m2e.core.internal.Bundles - 	Entry: C:\Users\spj24\.p2\pool\plugins\org.eclipse.m2e.maven.runtime_3.9.600.20231203-1234\jars\maven-artifact-3.9.6.jar
2024-08-02 15:25:47,108 [Worker-15: Launching mavenrun-fef256fa-3e9c-42ad-9575-bf429dfbed47] INFO  o.eclipse.m2e.core.internal.Bundles - 	Entry: C:\Users\spj24\.p2\pool\plugins\org.eclipse.m2e.maven.runtime_3.9.600.20231203-1234\jars\maven-builder-support-3.9.6.jar
2024-08-02 15:25:47,109 [Worker-15: Launching mavenrun-fef256fa-3e9c-42ad-9575-bf429dfbed47] INFO  o.eclipse.m2e.core.internal.Bundles - 	Entry: C:\Users\spj24\.p2\pool\plugins\org.eclipse.m2e.maven.runtime_3.9.600.20231203-1234\jars\maven-compat-3.9.6.jar
2024-08-02 15:25:47,109 [Worker-15: Launching mavenrun-fef256fa-3e9c-42ad-9575-bf429dfbed47] INFO  o.eclipse.m2e.core.internal.Bundles - 	Entry: C:\Users\spj24\.p2\pool\plugins\org.eclipse.m2e.maven.runtime_3.9.600.20231203-1234\jars\maven-core-3.9.6.jar
2024-08-02 15:25:47,109 [Worker-15: Launching mavenrun-fef256fa-3e9c-42ad-9575-bf429dfbed47] INFO  o.eclipse.m2e.core.internal.Bundles - 	Entry: C:\Users\spj24\.p2\pool\plugins\org.eclipse.m2e.maven.runtime_3.9.600.20231203-1234\jars\maven-embedder-3.9.6.jar
2024-08-02 15:25:47,109 [Worker-15: Launching mavenrun-fef256fa-3e9c-42ad-9575-bf429dfbed47] INFO  o.eclipse.m2e.core.internal.Bundles - 	Entry: C:\Users\spj24\.p2\pool\plugins\org.eclipse.m2e.maven.runtime_3.9.600.20231203-1234\jars\maven-model-3.9.6.jar
2024-08-02 15:25:47,110 [Worker-15: Launching mavenrun-fef256fa-3e9c-42ad-9575-bf429dfbed47] INFO  o.eclipse.m2e.core.internal.Bundles - 	Entry: C:\Users\spj24\.p2\pool\plugins\org.eclipse.m2e.maven.runtime_3.9.600.20231203-1234\jars\maven-model-builder-3.9.6.jar
2024-08-02 15:25:47,110 [Worker-15: Launching mavenrun-fef256fa-3e9c-42ad-9575-bf429dfbed47] INFO  o.eclipse.m2e.core.internal.Bundles - 	Entry: C:\Users\spj24\.p2\pool\plugins\org.eclipse.m2e.maven.runtime_3.9.600.20231203-1234\jars\maven-plugin-api-3.9.6.jar
2024-08-02 15:25:47,110 [Worker-15: Launching mavenrun-fef256fa-3e9c-42ad-9575-bf429dfbed47] INFO  o.eclipse.m2e.core.internal.Bundles - 	Entry: C:\Users\spj24\.p2\pool\plugins\org.eclipse.m2e.maven.runtime_3.9.600.20231203-1234\jars\maven-repository-metadata-3.9.6.jar
2024-08-02 15:25:47,110 [Worker-15: Launching mavenrun-fef256fa-3e9c-42ad-9575-bf429dfbed47] INFO  o.eclipse.m2e.core.internal.Bundles - 	Entry: C:\Users\spj24\.p2\pool\plugins\org.eclipse.m2e.maven.runtime_3.9.600.20231203-1234\jars\maven-resolver-api-1.9.18.jar
2024-08-02 15:25:47,111 [Worker-15: Launching mavenrun-fef256fa-3e9c-42ad-9575-bf429dfbed47] INFO  o.eclipse.m2e.core.internal.Bundles - 	Entry: C:\Users\spj24\.p2\pool\plugins\org.eclipse.m2e.maven.runtime_3.9.600.20231203-1234\jars\maven-resolver-connector-basic-1.9.18.jar
2024-08-02 15:25:47,111 [Worker-15: Launching mavenrun-fef256fa-3e9c-42ad-9575-bf429dfbed47] INFO  o.eclipse.m2e.core.internal.Bundles - 	Entry: C:\Users\spj24\.p2\pool\plugins\org.eclipse.m2e.maven.runtime_3.9.600.20231203-1234\jars\maven-resolver-impl-1.9.18.jar
2024-08-02 15:25:47,111 [Worker-15: Launching mavenrun-fef256fa-3e9c-42ad-9575-bf429dfbed47] INFO  o.eclipse.m2e.core.internal.Bundles - 	Entry: C:\Users\spj24\.p2\pool\plugins\org.eclipse.m2e.maven.runtime_3.9.600.20231203-1234\jars\maven-resolver-named-locks-1.9.18.jar
2024-08-02 15:25:47,111 [Worker-15: Launching mavenrun-fef256fa-3e9c-42ad-9575-bf429dfbed47] INFO  o.eclipse.m2e.core.internal.Bundles - 	Entry: C:\Users\spj24\.p2\pool\plugins\org.eclipse.m2e.maven.runtime_3.9.600.20231203-1234\jars\maven-resolver-provider-3.9.6.jar
2024-08-02 15:25:47,112 [Worker-15: Launching mavenrun-fef256fa-3e9c-42ad-9575-bf429dfbed47] INFO  o.eclipse.m2e.core.internal.Bundles - 	Entry: C:\Users\spj24\.p2\pool\plugins\org.eclipse.m2e.maven.runtime_3.9.600.20231203-1234\jars\maven-resolver-spi-1.9.18.jar
2024-08-02 15:25:47,112 [Worker-15: Launching mavenrun-fef256fa-3e9c-42ad-9575-bf429dfbed47] INFO  o.eclipse.m2e.core.internal.Bundles - 	Entry: C:\Users\spj24\.p2\pool\plugins\org.eclipse.m2e.maven.runtime_3.9.600.20231203-1234\jars\maven-resolver-transport-file-1.9.18.jar
2024-08-02 15:25:47,112 [Worker-15: Launching mavenrun-fef256fa-3e9c-42ad-9575-bf429dfbed47] INFO  o.eclipse.m2e.core.internal.Bundles - 	Entry: C:\Users\spj24\.p2\pool\plugins\org.eclipse.m2e.maven.runtime_3.9.600.20231203-1234\jars\maven-resolver-transport-http-1.9.18.jar
2024-08-02 15:25:47,113 [Worker-15: Launching mavenrun-fef256fa-3e9c-42ad-9575-bf429dfbed47] INFO  o.eclipse.m2e.core.internal.Bundles - 	Entry: C:\Users\spj24\.p2\pool\plugins\org.eclipse.m2e.maven.runtime_3.9.600.20231203-1234\jars\maven-resolver-transport-wagon-1.9.18.jar
2024-08-02 15:25:47,113 [Worker-15: Launching mavenrun-fef256fa-3e9c-42ad-9575-bf429dfbed47] INFO  o.eclipse.m2e.core.internal.Bundles - 	Entry: C:\Users\spj24\.p2\pool\plugins\org.eclipse.m2e.maven.runtime_3.9.600.20231203-1234\jars\maven-resolver-util-1.9.18.jar
2024-08-02 15:25:47,113 [Worker-15: Launching mavenrun-fef256fa-3e9c-42ad-9575-bf429dfbed47] INFO  o.eclipse.m2e.core.internal.Bundles - 	Entry: C:\Users\spj24\.p2\pool\plugins\org.eclipse.m2e.maven.runtime_3.9.600.20231203-1234\jars\maven-settings-3.9.6.jar
2024-08-02 15:25:47,113 [Worker-15: Launching mavenrun-fef256fa-3e9c-42ad-9575-bf429dfbed47] INFO  o.eclipse.m2e.core.internal.Bundles - 	Entry: C:\Users\spj24\.p2\pool\plugins\org.eclipse.m2e.maven.runtime_3.9.600.20231203-1234\jars\maven-settings-builder-3.9.6.jar
2024-08-02 15:25:47,114 [Worker-15: Launching mavenrun-fef256fa-3e9c-42ad-9575-bf429dfbed47] INFO  o.eclipse.m2e.core.internal.Bundles - 	Entry: C:\Users\spj24\.p2\pool\plugins\org.eclipse.m2e.maven.runtime_3.9.600.20231203-1234\jars\maven-shared-utils-3.3.4.jar
2024-08-02 15:25:47,114 [Worker-15: Launching mavenrun-fef256fa-3e9c-42ad-9575-bf429dfbed47] INFO  o.eclipse.m2e.core.internal.Bundles - 	Entry: C:\Users\spj24\.p2\pool\plugins\org.eclipse.m2e.maven.runtime_3.9.600.20231203-1234\jars\org.eclipse.sisu.inject-0.9.0.M2.jar
2024-08-02 15:25:47,114 [Worker-15: Launching mavenrun-fef256fa-3e9c-42ad-9575-bf429dfbed47] INFO  o.eclipse.m2e.core.internal.Bundles - 	Entry: C:\Users\spj24\.p2\pool\plugins\org.eclipse.m2e.maven.runtime_3.9.600.20231203-1234\jars\org.eclipse.sisu.plexus-0.9.0.M2.jar
2024-08-02 15:25:47,114 [Worker-15: Launching mavenrun-fef256fa-3e9c-42ad-9575-bf429dfbed47] INFO  o.eclipse.m2e.core.internal.Bundles - 	Entry: C:\Users\spj24\.p2\pool\plugins\org.eclipse.m2e.maven.runtime_3.9.600.20231203-1234\jars\plexus-build-api-0.0.7.jar
2024-08-02 15:25:47,115 [Worker-15: Launching mavenrun-fef256fa-3e9c-42ad-9575-bf429dfbed47] INFO  o.eclipse.m2e.core.internal.Bundles - 	Entry: C:\Users\spj24\.p2\pool\plugins\org.eclipse.m2e.maven.runtime_3.9.600.20231203-1234\jars\plexus-cipher-2.0.jar
2024-08-02 15:25:47,115 [Worker-15: Launching mavenrun-fef256fa-3e9c-42ad-9575-bf429dfbed47] INFO  o.eclipse.m2e.core.internal.Bundles - 	Entry: C:\Users\spj24\.p2\pool\plugins\org.eclipse.m2e.maven.runtime_3.9.600.20231203-1234\jars\plexus-classworlds-2.7.0.jar
2024-08-02 15:25:47,115 [Worker-15: Launching mavenrun-fef256fa-3e9c-42ad-9575-bf429dfbed47] INFO  o.eclipse.m2e.core.internal.Bundles - 	Entry: C:\Users\spj24\.p2\pool\plugins\org.eclipse.m2e.maven.runtime_3.9.600.20231203-1234\jars\plexus-component-annotations-2.1.0.jar
2024-08-02 15:25:47,116 [Worker-15: Launching mavenrun-fef256fa-3e9c-42ad-9575-bf429dfbed47] INFO  o.eclipse.m2e.core.internal.Bundles - 	Entry: C:\Users\spj24\.p2\pool\plugins\org.eclipse.m2e.maven.runtime_3.9.600.20231203-1234\jars\plexus-interpolation-1.26.jar
2024-08-02 15:25:47,116 [Worker-15: Launching mavenrun-fef256fa-3e9c-42ad-9575-bf429dfbed47] INFO  o.eclipse.m2e.core.internal.Bundles - 	Entry: C:\Users\spj24\.p2\pool\plugins\org.eclipse.m2e.maven.runtime_3.9.600.20231203-1234\jars\plexus-sec-dispatcher-2.0.jar
2024-08-02 15:25:47,116 [Worker-15: Launching mavenrun-fef256fa-3e9c-42ad-9575-bf429dfbed47] INFO  o.eclipse.m2e.core.internal.Bundles - 	Entry: C:\Users\spj24\.p2\pool\plugins\org.eclipse.m2e.maven.runtime_3.9.600.20231203-1234\jars\plexus-utils-3.5.1.jar
2024-08-02 15:25:47,116 [Worker-15: Launching mavenrun-fef256fa-3e9c-42ad-9575-bf429dfbed47] INFO  o.eclipse.m2e.core.internal.Bundles - 	Entry: C:\Users\spj24\.p2\pool\plugins\org.eclipse.m2e.maven.runtime_3.9.600.20231203-1234\jars\wagon-file-3.5.3.jar
2024-08-02 15:25:47,117 [Worker-15: Launching mavenrun-fef256fa-3e9c-42ad-9575-bf429dfbed47] INFO  o.eclipse.m2e.core.internal.Bundles - 	Entry: C:\Users\spj24\.p2\pool\plugins\org.eclipse.m2e.maven.runtime_3.9.600.20231203-1234\jars\wagon-http-3.5.3.jar
2024-08-02 15:25:47,117 [Worker-15: Launching mavenrun-fef256fa-3e9c-42ad-9575-bf429dfbed47] INFO  o.eclipse.m2e.core.internal.Bundles - 	Entry: C:\Users\spj24\.p2\pool\plugins\org.eclipse.m2e.maven.runtime_3.9.600.20231203-1234\jars\wagon-http-shared-3.5.3.jar
2024-08-02 15:25:47,117 [Worker-15: Launching mavenrun-fef256fa-3e9c-42ad-9575-bf429dfbed47] INFO  o.eclipse.m2e.core.internal.Bundles - 	Entry: C:\Users\spj24\.p2\pool\plugins\org.eclipse.m2e.maven.runtime_3.9.600.20231203-1234\jars\wagon-provider-api-3.5.3.jar
2024-08-02 15:25:47,120 [Worker-15: Launching mavenrun-fef256fa-3e9c-42ad-9575-bf429dfbed47] INFO  o.eclipse.m2e.core.internal.Bundles - getClasspathEntries(Bundle=com.google.guava_33.0.0.jre [14])
2024-08-02 15:25:47,121 [Worker-15: Launching mavenrun-fef256fa-3e9c-42ad-9575-bf429dfbed47] INFO  o.eclipse.m2e.core.internal.Bundles - 	Entry: C:\Users\spj24\.p2\pool\plugins\com.google.guava_33.0.0.jre.jar
2024-08-02 15:25:47,121 [Worker-15: Launching mavenrun-fef256fa-3e9c-42ad-9575-bf429dfbed47] INFO  o.eclipse.m2e.core.internal.Bundles - getClasspathEntries(Bundle=slf4j.api_2.0.13 [998])
2024-08-02 15:25:47,121 [Worker-15: Launching mavenrun-fef256fa-3e9c-42ad-9575-bf429dfbed47] INFO  o.eclipse.m2e.core.internal.Bundles - 	Entry: C:\Users\spj24\.p2\pool\plugins\slf4j.api_2.0.13.jar
2024-08-02 15:25:47,121 [Worker-15: Launching mavenrun-fef256fa-3e9c-42ad-9575-bf429dfbed47] INFO  o.eclipse.m2e.core.internal.Bundles - getClasspathEntries(Bundle=jakarta.inject.jakarta.inject-api_1.0.5 [32])
2024-08-02 15:25:47,122 [Worker-15: Launching mavenrun-fef256fa-3e9c-42ad-9575-bf429dfbed47] INFO  o.eclipse.m2e.core.internal.Bundles - 	Entry: C:\Users\spj24\.p2\pool\plugins\jakarta.inject.jakarta.inject-api_1.0.5.jar
2024-08-02 15:25:47,122 [Worker-15: Launching mavenrun-fef256fa-3e9c-42ad-9575-bf429dfbed47] INFO  o.eclipse.m2e.core.internal.Bundles - getClasspathEntries(Bundle=jakarta.annotation-api_1.3.5 [27])
2024-08-02 15:25:47,122 [Worker-15: Launching mavenrun-fef256fa-3e9c-42ad-9575-bf429dfbed47] INFO  o.eclipse.m2e.core.internal.Bundles - 	Entry: C:\Users\spj24\.p2\pool\plugins\jakarta.annotation-api_1.3.5.jar
2024-08-02 15:25:47,122 [Worker-15: Launching mavenrun-fef256fa-3e9c-42ad-9575-bf429dfbed47] INFO  o.eclipse.m2e.core.internal.Bundles - getClasspathEntries(Bundle=org.apache.commons.cli_1.6.0 [75])
2024-08-02 15:25:47,123 [Worker-15: Launching mavenrun-fef256fa-3e9c-42ad-9575-bf429dfbed47] INFO  o.eclipse.m2e.core.internal.Bundles - 	Entry: C:\Users\spj24\.p2\pool\plugins\org.apache.commons.cli_1.6.0.jar
2024-08-02 15:25:47,123 [Worker-15: Launching mavenrun-fef256fa-3e9c-42ad-9575-bf429dfbed47] INFO  o.eclipse.m2e.core.internal.Bundles - getClasspathEntries(Bundle=org.apache.commons.commons-codec_1.16.0 [78])
2024-08-02 15:25:47,123 [Worker-15: Launching mavenrun-fef256fa-3e9c-42ad-9575-bf429dfbed47] INFO  o.eclipse.m2e.core.internal.Bundles - 	Entry: C:\Users\spj24\.p2\pool\plugins\org.apache.commons.commons-codec_1.16.0.jar
2024-08-02 15:25:47,123 [Worker-15: Launching mavenrun-fef256fa-3e9c-42ad-9575-bf429dfbed47] INFO  o.eclipse.m2e.core.internal.Bundles - getClasspathEntries(Bundle=org.apache.commons.lang3_3.14.0 [86])
2024-08-02 15:25:47,124 [Worker-15: Launching mavenrun-fef256fa-3e9c-42ad-9575-bf429dfbed47] INFO  o.eclipse.m2e.core.internal.Bundles - 	Entry: C:\Users\spj24\.p2\pool\plugins\org.apache.commons.lang3_3.14.0.jar
2024-08-02 15:25:47,124 [Worker-15: Launching mavenrun-fef256fa-3e9c-42ad-9575-bf429dfbed47] INFO  o.eclipse.m2e.core.internal.Bundles - getClasspathEntries(Bundle=com.google.guava.failureaccess_1.0.2 [15])
2024-08-02 15:25:47,125 [Worker-15: Launching mavenrun-fef256fa-3e9c-42ad-9575-bf429dfbed47] INFO  o.eclipse.m2e.core.internal.Bundles - 	Entry: C:\Users\spj24\.p2\pool\plugins\com.google.guava.failureaccess_1.0.2.jar
2024-08-02 15:25:47,137 [Worker-15: Launching mavenrun-fef256fa-3e9c-42ad-9575-bf429dfbed47] INFO  o.e.m.i.launch.MavenLaunchDelegate - Run build in "C:\Users\spj24\AppData\Local\Temp\m2e-archetypeGenerator13498825331376796605":
2024-08-02 15:25:47,143 [Worker-15: Launching mavenrun-fef256fa-3e9c-42ad-9575-bf429dfbed47] INFO  o.e.m.i.launch.MavenLaunchDelegate -  mvn  -DarchetypeGroupId=org.apache.maven.archetypes -DarchetypeArtifactId=maven-archetype-j2ee-simple -DarchetypeVersion=1.0 -DgroupId=com.training -DartifactId=fileio -Dversion=0.0.1-SNAPSHOT -Dpackage=com.training.fileio -DoutputDirectory="D:\Revature\Training\Day 05" -Dstyle.color=always -U archetype:generate
2024-08-02 15:34:16,770 [Worker-25: Creating project "fileio"] INFO  o.e.m.c.i.e.AbstractTransferListenerAdapter - Downloading https://repo.maven.apache.org/maven2/org/apache/maven/plugins/maven-surefire-plugin/3.2.2/maven-surefire-plugin-3.2.2.jar
2024-08-02 15:34:16,978 [Worker-25: Creating project "fileio"] INFO  o.e.m.c.i.e.AbstractTransferListenerAdapter - Downloaded https://repo.maven.apache.org/maven2/org/apache/maven/plugins/maven-surefire-plugin/3.2.2/maven-surefire-plugin-3.2.2.jar
2024-08-02 15:34:17,669 [Worker-25: Creating project "fileio"] INFO  o.e.m.c.i.l.LifecycleMappingFactory - Using org.eclipse.m2e.jdt.JarLifecycleMapping lifecycle mapping for MavenProject: com.training:fileio:0.0.1-SNAPSHOT @ D:\Revature\Training\Day 05\fileio\pom.xml.
2024-08-02 15:34:17,896 [Worker-25: Creating project "fileio"] INFO  o.e.m.c.i.e.AbstractTransferListenerAdapter - Downloading https://repo.maven.apache.org/maven2/org/apache/maven/plugins/maven-surefire-plugin/3.2.2/maven-surefire-plugin-3.2.2.pom
2024-08-02 15:34:18,005 [Worker-25: Creating project "fileio"] INFO  o.e.m.c.i.e.AbstractTransferListenerAdapter - Downloaded https://repo.maven.apache.org/maven2/org/apache/maven/plugins/maven-surefire-plugin/3.2.2/maven-surefire-plugin-3.2.2.pom
2024-08-02 15:34:18,203 [Worker-25: Creating project "fileio"] INFO  o.e.m.c.i.e.AbstractTransferListenerAdapter - Downloading https://repo.maven.apache.org/maven2/org/apache/maven/surefire/surefire/3.2.2/surefire-3.2.2.pom
2024-08-02 15:34:18,311 [Worker-25: Creating project "fileio"] INFO  o.e.m.c.i.e.AbstractTransferListenerAdapter - Downloaded https://repo.maven.apache.org/maven2/org/apache/maven/surefire/surefire/3.2.2/surefire-3.2.2.pom
2024-08-02 15:34:18,472 [Worker-25: Creating project "fileio"] INFO  o.e.m.c.i.e.AbstractTransferListenerAdapter - Downloading https://repo.maven.apache.org/maven2/org/junit/junit-bom/5.9.3/junit-bom-5.9.3.pom
2024-08-02 15:34:18,487 [Worker-25: Creating project "fileio"] INFO  o.e.m.c.i.e.AbstractTransferListenerAdapter - Downloaded https://repo.maven.apache.org/maven2/org/junit/junit-bom/5.9.3/junit-bom-5.9.3.pom
2024-08-02 15:34:18,645 [Worker-25: Creating project "fileio"] INFO  o.e.m.c.i.e.AbstractTransferListenerAdapter - Downloading https://repo.maven.apache.org/maven2/org/apache/maven/plugins/maven-jar-plugin/3.3.0/maven-jar-plugin-3.3.0.pom
2024-08-02 15:34:18,657 [Worker-25: Creating project "fileio"] INFO  o.e.m.c.i.e.AbstractTransferListenerAdapter - Downloaded https://repo.maven.apache.org/maven2/org/apache/maven/plugins/maven-jar-plugin/3.3.0/maven-jar-plugin-3.3.0.pom
2024-08-02 15:34:18,818 [Worker-25: Creating project "fileio"] INFO  o.e.m.c.i.e.AbstractTransferListenerAdapter - Downloading https://repo.maven.apache.org/maven2/org/apache/maven/plugins/maven-plugins/37/maven-plugins-37.pom
2024-08-02 15:34:18,840 [Worker-25: Creating project "fileio"] INFO  o.e.m.c.i.e.AbstractTransferListenerAdapter - Downloaded https://repo.maven.apache.org/maven2/org/apache/maven/plugins/maven-plugins/37/maven-plugins-37.pom
2024-08-02 15:34:19,003 [Worker-25: Creating project "fileio"] INFO  o.e.m.c.i.e.AbstractTransferListenerAdapter - Downloading https://repo.maven.apache.org/maven2/org/apache/maven/maven-parent/37/maven-parent-37.pom
2024-08-02 15:34:19,055 [Worker-25: Creating project "fileio"] INFO  o.e.m.c.i.e.AbstractTransferListenerAdapter - Downloaded https://repo.maven.apache.org/maven2/org/apache/maven/maven-parent/37/maven-parent-37.pom
2024-08-02 15:34:19,211 [Worker-25: Creating project "fileio"] INFO  o.e.m.c.i.e.AbstractTransferListenerAdapter - Downloading https://repo.maven.apache.org/maven2/org/apache/apache/27/apache-27.pom
2024-08-02 15:34:19,230 [Worker-25: Creating project "fileio"] INFO  o.e.m.c.i.e.AbstractTransferListenerAdapter - Downloaded https://repo.maven.apache.org/maven2/org/apache/apache/27/apache-27.pom
2024-08-02 15:34:19,405 [Worker-25: Creating project "fileio"] INFO  o.e.m.c.i.e.AbstractTransferListenerAdapter - Downloading https://repo.maven.apache.org/maven2/org/apache/maven/shared/file-management/3.1.0/file-management-3.1.0.pom
2024-08-02 15:34:19,415 [Worker-25: Creating project "fileio"] INFO  o.e.m.c.i.e.AbstractTransferListenerAdapter - Downloaded https://repo.maven.apache.org/maven2/org/apache/maven/shared/file-management/3.1.0/file-management-3.1.0.pom
2024-08-02 15:34:19,561 [Worker-25: Creating project "fileio"] INFO  o.e.m.c.i.e.AbstractTransferListenerAdapter - Downloading https://repo.maven.apache.org/maven2/org/apache/maven/shared/maven-shared-components/36/maven-shared-components-36.pom
2024-08-02 15:34:19,572 [Worker-25: Creating project "fileio"] INFO  o.e.m.c.i.e.AbstractTransferListenerAdapter - Downloaded https://repo.maven.apache.org/maven2/org/apache/maven/shared/maven-shared-components/36/maven-shared-components-36.pom
2024-08-02 15:34:19,777 [Worker-25: Creating project "fileio"] INFO  o.e.m.c.i.e.AbstractTransferListenerAdapter - Downloading https://repo.maven.apache.org/maven2/org/apache/maven/maven-archiver/3.6.0/maven-archiver-3.6.0.pom
2024-08-02 15:34:19,787 [Worker-25: Creating project "fileio"] INFO  o.e.m.c.i.e.AbstractTransferListenerAdapter - Downloaded https://repo.maven.apache.org/maven2/org/apache/maven/maven-archiver/3.6.0/maven-archiver-3.6.0.pom
2024-08-02 15:34:19,945 [Worker-25: Creating project "fileio"] INFO  o.e.m.c.i.e.AbstractTransferListenerAdapter - Downloading https://repo.maven.apache.org/maven2/org/codehaus/plexus/plexus-io/3.4.0/plexus-io-3.4.0.pom
2024-08-02 15:34:19,955 [Worker-25: Creating project "fileio"] INFO  o.e.m.c.i.e.AbstractTransferListenerAdapter - Downloaded https://repo.maven.apache.org/maven2/org/codehaus/plexus/plexus-io/3.4.0/plexus-io-3.4.0.pom
2024-08-02 15:34:20,113 [Worker-25: Creating project "fileio"] INFO  o.e.m.c.i.e.AbstractTransferListenerAdapter - Downloading https://repo.maven.apache.org/maven2/org/codehaus/plexus/plexus-archiver/4.4.0/plexus-archiver-4.4.0.pom
2024-08-02 15:34:20,121 [Worker-25: Creating project "fileio"] INFO  o.e.m.c.i.e.AbstractTransferListenerAdapter - Downloaded https://repo.maven.apache.org/maven2/org/codehaus/plexus/plexus-archiver/4.4.0/plexus-archiver-4.4.0.pom
2024-08-02 15:34:20,296 [Worker-25: Creating project "fileio"] INFO  o.e.m.c.i.e.AbstractTransferListenerAdapter - Downloading https://repo.maven.apache.org/maven2/org/codehaus/plexus/plexus-utils/3.4.2/plexus-utils-3.4.2.pom
2024-08-02 15:34:20,323 [Worker-25: Creating project "fileio"] INFO  o.e.m.c.i.e.AbstractTransferListenerAdapter - Downloaded https://repo.maven.apache.org/maven2/org/codehaus/plexus/plexus-utils/3.4.2/plexus-utils-3.4.2.pom
2024-08-02 15:34:20,518 [Worker-25: Creating project "fileio"] INFO  o.e.m.c.i.e.AbstractTransferListenerAdapter - Downloading https://repo.maven.apache.org/maven2/org/apache/maven/shared/file-management/3.1.0/file-management-3.1.0.jar
2024-08-02 15:34:20,552 [Worker-25: Creating project "fileio"] INFO  o.e.m.c.i.e.AbstractTransferListenerAdapter - Downloaded https://repo.maven.apache.org/maven2/org/apache/maven/shared/file-management/3.1.0/file-management-3.1.0.jar
2024-08-02 15:34:20,694 [BasicRepositoryConnector-repo.maven.apache.org-0-1] INFO  o.e.m.c.i.e.AbstractTransferListenerAdapter - Downloading https://repo.maven.apache.org/maven2/org/codehaus/plexus/plexus-io/3.4.0/plexus-io-3.4.0.jar
2024-08-02 15:34:20,754 [BasicRepositoryConnector-repo.maven.apache.org-0-1] INFO  o.e.m.c.i.e.AbstractTransferListenerAdapter - Downloaded https://repo.maven.apache.org/maven2/org/codehaus/plexus/plexus-io/3.4.0/plexus-io-3.4.0.jar
2024-08-02 15:34:20,941 [BasicRepositoryConnector-repo.maven.apache.org-0-0] INFO  o.e.m.c.i.e.AbstractTransferListenerAdapter - Downloading https://repo.maven.apache.org/maven2/org/apache/maven/maven-archiver/3.6.0/maven-archiver-3.6.0.jar
2024-08-02 15:34:20,945 [BasicRepositoryConnector-repo.maven.apache.org-0-3] INFO  o.e.m.c.i.e.AbstractTransferListenerAdapter - Downloading https://repo.maven.apache.org/maven2/org/codehaus/plexus/plexus-utils/3.4.2/plexus-utils-3.4.2.jar
2024-08-02 15:34:20,945 [BasicRepositoryConnector-repo.maven.apache.org-0-2] INFO  o.e.m.c.i.e.AbstractTransferListenerAdapter - Downloading https://repo.maven.apache.org/maven2/org/codehaus/plexus/plexus-archiver/4.4.0/plexus-archiver-4.4.0.jar
2024-08-02 15:34:20,971 [BasicRepositoryConnector-repo.maven.apache.org-0-0] INFO  o.e.m.c.i.e.AbstractTransferListenerAdapter - Downloaded https://repo.maven.apache.org/maven2/org/apache/maven/maven-archiver/3.6.0/maven-archiver-3.6.0.jar
2024-08-02 15:34:21,259 [BasicRepositoryConnector-repo.maven.apache.org-0-2] INFO  o.e.m.c.i.e.AbstractTransferListenerAdapter - Downloaded https://repo.maven.apache.org/maven2/org/codehaus/plexus/plexus-archiver/4.4.0/plexus-archiver-4.4.0.jar
2024-08-02 15:34:21,327 [BasicRepositoryConnector-repo.maven.apache.org-0-3] INFO  o.e.m.c.i.e.AbstractTransferListenerAdapter - Downloaded https://repo.maven.apache.org/maven2/org/codehaus/plexus/plexus-utils/3.4.2/plexus-utils-3.4.2.jar
2024-08-02 15:34:21,910 [Worker-25: Creating project "fileio"] INFO  o.e.m.j.i.AbstractJavaProjectConfigurator - Adding source folder /fileio/src/main/java
2024-08-02 15:34:21,914 [Worker-25: Creating project "fileio"] INFO  o.e.m.j.i.AbstractJavaProjectConfigurator - Adding resource folder /fileio/src/main/resources
2024-08-02 15:34:21,916 [Worker-25: Creating project "fileio"] INFO  o.e.m.j.i.AbstractJavaProjectConfigurator - Adding source folder /fileio/src/test/java
2024-08-02 15:34:21,917 [Worker-25: Creating project "fileio"] INFO  o.e.m.j.i.AbstractJavaProjectConfigurator - Adding resource folder /fileio/src/test/resources
2024-08-02 15:34:23,282 [Worker-11: Building] WARN  o.a.m.s.f.DefaultMavenResourcesFiltering - Using platform encoding (UTF-8 actually) to copy filtered resources, i.e. build is platform dependent!
2024-08-02 15:34:23,288 [Worker-11: Building] INFO  o.a.m.s.f.DefaultMavenResourcesFiltering - Copying 0 resource from src\main\resources to target\classes
2024-08-02 15:34:23,345 [Worker-11: Building] INFO  o.e.m.c.i.embedder.EclipseLogger - Nothing to compile - all classes are up to date
2024-08-02 15:34:23,351 [Worker-11: Building] WARN  o.a.m.s.f.DefaultMavenResourcesFiltering - Using platform encoding (UTF-8 actually) to copy filtered resources, i.e. build is platform dependent!
2024-08-02 15:34:23,353 [Worker-11: Building] INFO  o.a.m.s.f.DefaultMavenResourcesFiltering - Copying 0 resource from src\test\resources to target\test-classes
2024-08-02 15:34:25,846 [Worker-25: Discover lifecycle mappings] ERROR o.e.m.i.d.MavenDiscoveryService - Status ERROR: org.eclipse.equinox.p2.discovery code=0 Failed to discover all connectors. children=[Status ERROR: org.eclipse.equinox.p2.discovery code=0 M2ERemoteBundleDiscoveryStrategy failed with an error org.eclipse.equinox.p2.core.ProvisionException: An error occurred while downloading https://github.com/eclipse-m2e/m2e-discovery-catalog/releases/download/2.x/catalog-2.x.xml. The cache file D:\Revature\Training\Day 05\.metadata\.plugins\org.eclipse.equinox.p2.discovery.compatibility\cache\downloading\discovery554145892 could not be renamed to D:\Revature\Training\Day 05\.metadata\.plugins\org.eclipse.equinox.p2.discovery.compatibility\cache\discovery554145892.]
2024-08-02 15:39:39,991 [Worker-29: Building] WARN  o.a.m.s.f.DefaultMavenResourcesFiltering - Using platform encoding (UTF-8 actually) to copy filtered resources, i.e. build is platform dependent!
2024-08-02 15:39:39,995 [Worker-29: Building] INFO  o.a.m.s.f.DefaultMavenResourcesFiltering - Copying 0 resource from src\main\resources to target\classes
2024-08-02 15:39:40,004 [Worker-29: Building] INFO  o.e.m.c.i.embedder.EclipseLogger - Changes detected - recompiling the module! :input tree
2024-08-02 15:39:40,007 [Worker-29: Building] WARN  o.e.m.c.i.embedder.EclipseLogger - File encoding has not been set, using platform encoding UTF-8, i.e. build is platform dependent!
2024-08-02 15:39:40,016 [Worker-29: Building] INFO  o.e.m.c.i.embedder.EclipseLogger - Compiling 1 source file with javac [debug target 1.8] to target\classes
2024-08-02 15:39:40,770 [Worker-29: Building] WARN  o.e.m.c.i.embedder.EclipseLogger - bootstrap class path not set in conjunction with -source 8
2024-08-02 15:39:40,771 [Worker-29: Building] WARN  o.e.m.c.i.embedder.EclipseLogger - source value 8 is obsolete and will be removed in a future release
2024-08-02 15:39:40,772 [Worker-29: Building] WARN  o.e.m.c.i.embedder.EclipseLogger - target value 8 is obsolete and will be removed in a future release
2024-08-02 15:39:40,773 [Worker-29: Building] WARN  o.e.m.c.i.embedder.EclipseLogger - To suppress warnings about obsolete options, use -Xlint:-options.
2024-08-02 15:39:40,777 [Worker-29: Building] WARN  o.a.m.s.f.DefaultMavenResourcesFiltering - Using platform encoding (UTF-8 actually) to copy filtered resources, i.e. build is platform dependent!
2024-08-02 15:39:40,780 [Worker-29: Building] INFO  o.a.m.s.f.DefaultMavenResourcesFiltering - Copying 0 resource from src\test\resources to target\test-classes
2024-08-02 15:39:58,224 [Worker-34: Building] WARN  o.a.m.s.f.DefaultMavenResourcesFiltering - Using platform encoding (UTF-8 actually) to copy filtered resources, i.e. build is platform dependent!
2024-08-02 15:39:58,225 [Worker-34: Building] INFO  o.a.m.s.f.DefaultMavenResourcesFiltering - Copying 0 resource from src\main\resources to target\classes
2024-08-02 15:39:58,247 [Worker-34: Building] INFO  o.e.m.c.i.embedder.EclipseLogger - Nothing to compile - all classes are up to date
2024-08-02 15:39:58,253 [Worker-34: Building] WARN  o.a.m.s.f.DefaultMavenResourcesFiltering - Using platform encoding (UTF-8 actually) to copy filtered resources, i.e. build is platform dependent!
2024-08-02 15:39:58,254 [Worker-34: Building] INFO  o.a.m.s.f.DefaultMavenResourcesFiltering - Copying 0 resource from src\test\resources to target\test-classes
2024-08-02 15:48:03,321 [Worker-36: Building] WARN  o.a.m.s.f.DefaultMavenResourcesFiltering - Using platform encoding (UTF-8 actually) to copy filtered resources, i.e. build is platform dependent!
2024-08-02 15:48:03,323 [Worker-36: Building] INFO  o.a.m.s.f.DefaultMavenResourcesFiltering - Copying 0 resource from src\main\resources to target\classes
2024-08-02 15:48:03,333 [Worker-36: Building] INFO  o.e.m.c.i.embedder.EclipseLogger - Changes detected - recompiling the module! :input tree
2024-08-02 15:48:03,334 [Worker-36: Building] WARN  o.e.m.c.i.embedder.EclipseLogger - File encoding has not been set, using platform encoding UTF-8, i.e. build is platform dependent!
2024-08-02 15:48:03,336 [Worker-36: Building] INFO  o.e.m.c.i.embedder.EclipseLogger - Compiling 2 source files with javac [debug target 1.8] to target\classes
2024-08-02 15:48:03,493 [Worker-36: Building] WARN  o.e.m.c.i.embedder.EclipseLogger - bootstrap class path not set in conjunction with -source 8
2024-08-02 15:48:03,494 [Worker-36: Building] WARN  o.e.m.c.i.embedder.EclipseLogger - source value 8 is obsolete and will be removed in a future release
2024-08-02 15:48:03,495 [Worker-36: Building] WARN  o.e.m.c.i.embedder.EclipseLogger - target value 8 is obsolete and will be removed in a future release
2024-08-02 15:48:03,496 [Worker-36: Building] WARN  o.e.m.c.i.embedder.EclipseLogger - To suppress warnings about obsolete options, use -Xlint:-options.
2024-08-02 15:48:03,502 [Worker-36: Building] WARN  o.a.m.s.f.DefaultMavenResourcesFiltering - Using platform encoding (UTF-8 actually) to copy filtered resources, i.e. build is platform dependent!
2024-08-02 15:48:03,503 [Worker-36: Building] INFO  o.a.m.s.f.DefaultMavenResourcesFiltering - Copying 0 resource from src\test\resources to target\test-classes
2024-08-02 15:49:54,373 [Worker-37: Building] WARN  o.a.m.s.f.DefaultMavenResourcesFiltering - Using platform encoding (UTF-8 actually) to copy filtered resources, i.e. build is platform dependent!
2024-08-02 15:49:54,374 [Worker-37: Building] INFO  o.a.m.s.f.DefaultMavenResourcesFiltering - Copying 0 resource from src\main\resources to target\classes
2024-08-02 15:49:54,390 [Worker-37: Building] INFO  o.e.m.c.i.embedder.EclipseLogger - Nothing to compile - all classes are up to date
2024-08-02 15:49:54,394 [Worker-37: Building] WARN  o.a.m.s.f.DefaultMavenResourcesFiltering - Using platform encoding (UTF-8 actually) to copy filtered resources, i.e. build is platform dependent!
2024-08-02 15:49:54,395 [Worker-37: Building] INFO  o.a.m.s.f.DefaultMavenResourcesFiltering - Copying 0 resource from src\test\resources to target\test-classes
2024-08-02 15:50:33,471 [Worker-35: Building] WARN  o.a.m.s.f.DefaultMavenResourcesFiltering - Using platform encoding (UTF-8 actually) to copy filtered resources, i.e. build is platform dependent!
2024-08-02 15:50:33,473 [Worker-35: Building] INFO  o.a.m.s.f.DefaultMavenResourcesFiltering - Copying 0 resource from src\main\resources to target\classes
2024-08-02 15:50:33,485 [Worker-35: Building] INFO  o.e.m.c.i.embedder.EclipseLogger - Nothing to compile - all classes are up to date
2024-08-02 15:50:33,489 [Worker-35: Building] WARN  o.a.m.s.f.DefaultMavenResourcesFiltering - Using platform encoding (UTF-8 actually) to copy filtered resources, i.e. build is platform dependent!
2024-08-02 15:50:33,491 [Worker-35: Building] INFO  o.a.m.s.f.DefaultMavenResourcesFiltering - Copying 0 resource from src\test\resources to target\test-classes
